[2m2026-01-16T00:49:47.859667Z[0m [[33m[1mwarning  [0m] [1mCould not import pandas. Holidays will not be considered.[0m [[0m[1m[34mairflow.example_dags.plugins.workday[0m][0m [36mloc[0m=[35mworkday.py:41[0m
[2m2026-01-16T00:49:47.914535Z[0m [[32m[1minfo     [0m] [1mStarting log server on http://[::]:8793[0m [[0m[1m[34mairflow.utils.serve_logs.core[0m][0m [36mloc[0m=[35mcore.py:50[0m
[2m2026-01-16T00:49:47.958032Z[0m [[32m[1minfo     [0m] [1mLoaded executor: :LocalExecutor:[0m [[0m[1m[34mairflow.executors.executor_loader[0m][0m [36mloc[0m=[35mexecutor_loader.py:281[0m
[2m2026-01-16T00:49:48.020611Z[0m [[32m[1minfo     [0m] [1mWorker starting up pid=1262   [0m [[0m[1m[34mairflow.executors.local_executor.LocalExecutor[0m][0m [36mloc[0m=[35mlocal_executor.py:65[0m
[2m2026-01-16T00:49:48.026797Z[0m [[32m[1minfo     [0m] [1mWorker starting up pid=1263   [0m [[0m[1m[34mairflow.executors.local_executor.LocalExecutor[0m][0m [36mloc[0m=[35mlocal_executor.py:65[0m
WARNING:  ASGI app factory detected. Using it, but please consider setting the --factory flag explicitly.
INFO:     Started server process [1260]
INFO:     Waiting for application startup.
INFO:     Application startup complete.
[2m2026-01-16T00:49:48.050513Z[0m [[32m[1minfo     [0m] [1mWorker starting up pid=1264   [0m [[0m[1m[34mairflow.executors.local_executor.LocalExecutor[0m][0m [36mloc[0m=[35mlocal_executor.py:65[0m
INFO:     Uvicorn running on http://:8793 (Press CTRL+C to quit)
[2m2026-01-16T00:49:48.073624Z[0m [[32m[1minfo     [0m] [1mWorker starting up pid=1265   [0m [[0m[1m[34mairflow.executors.local_executor.LocalExecutor[0m][0m [36mloc[0m=[35mlocal_executor.py:65[0m
[2m2026-01-16T00:49:48.085806Z[0m [[32m[1minfo     [0m] [1mWorker starting up pid=1266   [0m [[0m[1m[34mairflow.executors.local_executor.LocalExecutor[0m][0m [36mloc[0m=[35mlocal_executor.py:65[0m
[2m2026-01-16T00:49:48.099660Z[0m [[32m[1minfo     [0m] [1mWorker starting up pid=1271   [0m [[0m[1m[34mairflow.executors.local_executor.LocalExecutor[0m][0m [36mloc[0m=[35mlocal_executor.py:65[0m
[2m2026-01-16T00:49:48.124438Z[0m [[32m[1minfo     [0m] [1mWorker starting up pid=1272   [0m [[0m[1m[34mairflow.executors.local_executor.LocalExecutor[0m][0m [36mloc[0m=[35mlocal_executor.py:65[0m
[2m2026-01-16T00:49:48.132466Z[0m [[32m[1minfo     [0m] [1mWorker starting up pid=1273   [0m [[0m[1m[34mairflow.executors.local_executor.LocalExecutor[0m][0m [36mloc[0m=[35mlocal_executor.py:65[0m
[2m2026-01-16T00:49:48.143256Z[0m [[32m[1minfo     [0m] [1mWorker starting up pid=1274   [0m [[0m[1m[34mairflow.executors.local_executor.LocalExecutor[0m][0m [36mloc[0m=[35mlocal_executor.py:65[0m
[2m2026-01-16T00:49:48.161371Z[0m [[32m[1minfo     [0m] [1mWorker starting up pid=1275   [0m [[0m[1m[34mairflow.executors.local_executor.LocalExecutor[0m][0m [36mloc[0m=[35mlocal_executor.py:65[0m
[2m2026-01-16T00:49:48.175508Z[0m [[32m[1minfo     [0m] [1mWorker starting up pid=1276   [0m [[0m[1m[34mairflow.executors.local_executor.LocalExecutor[0m][0m [36mloc[0m=[35mlocal_executor.py:65[0m
[2m2026-01-16T00:49:48.191753Z[0m [[32m[1minfo     [0m] [1mWorker starting up pid=1277   [0m [[0m[1m[34mairflow.executors.local_executor.LocalExecutor[0m][0m [36mloc[0m=[35mlocal_executor.py:65[0m
[2m2026-01-16T00:49:48.206707Z[0m [[32m[1minfo     [0m] [1mWorker starting up pid=1278   [0m [[0m[1m[34mairflow.executors.local_executor.LocalExecutor[0m][0m [36mloc[0m=[35mlocal_executor.py:65[0m
[2m2026-01-16T00:49:48.228851Z[0m [[32m[1minfo     [0m] [1mWorker starting up pid=1279   [0m [[0m[1m[34mairflow.executors.local_executor.LocalExecutor[0m][0m [36mloc[0m=[35mlocal_executor.py:65[0m
[2m2026-01-16T00:49:48.239192Z[0m [[32m[1minfo     [0m] [1mWorker starting up pid=1280   [0m [[0m[1m[34mairflow.executors.local_executor.LocalExecutor[0m][0m [36mloc[0m=[35mlocal_executor.py:65[0m
[2m2026-01-16T00:49:48.254923Z[0m [[32m[1minfo     [0m] [1mWorker starting up pid=1281   [0m [[0m[1m[34mairflow.executors.local_executor.LocalExecutor[0m][0m [36mloc[0m=[35mlocal_executor.py:65[0m
[2m2026-01-16T00:49:48.269657Z[0m [[32m[1minfo     [0m] [1mWorker starting up pid=1282   [0m [[0m[1m[34mairflow.executors.local_executor.LocalExecutor[0m][0m [36mloc[0m=[35mlocal_executor.py:65[0m
[2m2026-01-16T00:49:48.289999Z[0m [[32m[1minfo     [0m] [1mWorker starting up pid=1283   [0m [[0m[1m[34mairflow.executors.local_executor.LocalExecutor[0m][0m [36mloc[0m=[35mlocal_executor.py:65[0m
[2m2026-01-16T00:49:48.305400Z[0m [[32m[1minfo     [0m] [1mWorker starting up pid=1284   [0m [[0m[1m[34mairflow.executors.local_executor.LocalExecutor[0m][0m [36mloc[0m=[35mlocal_executor.py:65[0m
[2m2026-01-16T00:49:48.324627Z[0m [[32m[1minfo     [0m] [1mWorker starting up pid=1285   [0m [[0m[1m[34mairflow.executors.local_executor.LocalExecutor[0m][0m [36mloc[0m=[35mlocal_executor.py:65[0m
[2m2026-01-16T00:49:48.337890Z[0m [[32m[1minfo     [0m] [1mWorker starting up pid=1286   [0m [[0m[1m[34mairflow.executors.local_executor.LocalExecutor[0m][0m [36mloc[0m=[35mlocal_executor.py:65[0m
[2m2026-01-16T00:49:48.351582Z[0m [[32m[1minfo     [0m] [1mWorker starting up pid=1287   [0m [[0m[1m[34mairflow.executors.local_executor.LocalExecutor[0m][0m [36mloc[0m=[35mlocal_executor.py:65[0m
[2m2026-01-16T00:49:48.372652Z[0m [[32m[1minfo     [0m] [1mWorker starting up pid=1288   [0m [[0m[1m[34mairflow.executors.local_executor.LocalExecutor[0m][0m [36mloc[0m=[35mlocal_executor.py:65[0m
[2m2026-01-16T00:49:48.382623Z[0m [[32m[1minfo     [0m] [1mWorker starting up pid=1289   [0m [[0m[1m[34mairflow.executors.local_executor.LocalExecutor[0m][0m [36mloc[0m=[35mlocal_executor.py:65[0m
[2m2026-01-16T00:49:48.395195Z[0m [[32m[1minfo     [0m] [1mWorker starting up pid=1290   [0m [[0m[1m[34mairflow.executors.local_executor.LocalExecutor[0m][0m [36mloc[0m=[35mlocal_executor.py:65[0m
[2m2026-01-16T00:49:48.413709Z[0m [[32m[1minfo     [0m] [1mWorker starting up pid=1291   [0m [[0m[1m[34mairflow.executors.local_executor.LocalExecutor[0m][0m [36mloc[0m=[35mlocal_executor.py:65[0m
[2m2026-01-16T00:49:48.429210Z[0m [[32m[1minfo     [0m] [1mWorker starting up pid=1292   [0m [[0m[1m[34mairflow.executors.local_executor.LocalExecutor[0m][0m [36mloc[0m=[35mlocal_executor.py:65[0m
[2m2026-01-16T00:49:48.456378Z[0m [[32m[1minfo     [0m] [1mWorker starting up pid=1293   [0m [[0m[1m[34mairflow.executors.local_executor.LocalExecutor[0m][0m [36mloc[0m=[35mlocal_executor.py:65[0m
[2m2026-01-16T00:49:48.467595Z[0m [[32m[1minfo     [0m] [1mWorker starting up pid=1294   [0m [[0m[1m[34mairflow.executors.local_executor.LocalExecutor[0m][0m [36mloc[0m=[35mlocal_executor.py:65[0m
[2m2026-01-16T00:49:48.477573Z[0m [[32m[1minfo     [0m] [1mWorker starting up pid=1295   [0m [[0m[1m[34mairflow.executors.local_executor.LocalExecutor[0m][0m [36mloc[0m=[35mlocal_executor.py:65[0m
[2m2026-01-16T00:49:48.493833Z[0m [[32m[1minfo     [0m] [1mWorker starting up pid=1296   [0m [[0m[1m[34mairflow.executors.local_executor.LocalExecutor[0m][0m [36mloc[0m=[35mlocal_executor.py:65[0m
[2m2026-01-16T00:49:48.509050Z[0m [[32m[1minfo     [0m] [1mWorker starting up pid=1297   [0m [[0m[1m[34mairflow.executors.local_executor.LocalExecutor[0m][0m [36mloc[0m=[35mlocal_executor.py:65[0m
[2m2026-01-16T00:50:02.352844Z[0m [[31m[1merror    [0m] [1muhoh                          [0m [[0m[1m[34mairflow.executors.local_executor.LocalExecutor[0m][0m [36mloc[0m=[35mlocal_executor.py:100[0m
Traceback (most recent call last):
  File "/home/epifood/airflow_venv/lib/python3.10/site-packages/httpx/_transports/default.py", line 101, in map_httpcore_exceptions
    yield
  File "/home/epifood/airflow_venv/lib/python3.10/site-packages/httpx/_transports/default.py", line 250, in handle_request
    resp = self._pool.handle_request(req)
  File "/home/epifood/airflow_venv/lib/python3.10/site-packages/httpcore/_sync/connection_pool.py", line 256, in handle_request
    raise exc from None
  File "/home/epifood/airflow_venv/lib/python3.10/site-packages/httpcore/_sync/connection_pool.py", line 236, in handle_request
    response = connection.handle_request(
  File "/home/epifood/airflow_venv/lib/python3.10/site-packages/httpcore/_sync/connection.py", line 101, in handle_request
    raise exc
  File "/home/epifood/airflow_venv/lib/python3.10/site-packages/httpcore/_sync/connection.py", line 78, in handle_request
    stream = self._connect(request)
  File "/home/epifood/airflow_venv/lib/python3.10/site-packages/httpcore/_sync/connection.py", line 124, in _connect
    stream = self._network_backend.connect_tcp(**kwargs)
  File "/home/epifood/airflow_venv/lib/python3.10/site-packages/httpcore/_backends/sync.py", line 207, in connect_tcp
    with map_exceptions(exc_map):
  File "/usr/lib/python3.10/contextlib.py", line 153, in __exit__
    self.gen.throw(typ, value, traceback)
  File "/home/epifood/airflow_venv/lib/python3.10/site-packages/httpcore/_exceptions.py", line 14, in map_exceptions
    raise to_exc(exc) from exc
httpcore.ConnectError: [Errno 111] Connection refused

The above exception was the direct cause of the following exception:

Traceback (most recent call last):
  File "/home/epifood/airflow_venv/lib/python3.10/site-packages/airflow/executors/local_executor.py", line 96, in _run_worker
    _execute_work(log, workload)
  File "/home/epifood/airflow_venv/lib/python3.10/site-packages/airflow/executors/local_executor.py", line 124, in _execute_work
    supervise(
  File "/home/epifood/airflow_venv/lib/python3.10/site-packages/airflow/sdk/execution_time/supervisor.py", line 1984, in supervise
    process = ActivitySubprocess.start(
  File "/home/epifood/airflow_venv/lib/python3.10/site-packages/airflow/sdk/execution_time/supervisor.py", line 955, in start
    proc._on_child_started(ti=what, dag_rel_path=dag_rel_path, bundle_info=bundle_info)
  File "/home/epifood/airflow_venv/lib/python3.10/site-packages/airflow/sdk/execution_time/supervisor.py", line 966, in _on_child_started
    ti_context = self.client.task_instances.start(ti.id, self.pid, start_date)
  File "/home/epifood/airflow_venv/lib/python3.10/site-packages/airflow/sdk/api/client.py", line 215, in start
    resp = self.client.patch(f"task-instances/{id}/run", content=body.model_dump_json())
  File "/home/epifood/airflow_venv/lib/python3.10/site-packages/httpx/_client.py", line 1218, in patch
    return self.request(
  File "/home/epifood/airflow_venv/lib/python3.10/site-packages/tenacity/__init__.py", line 338, in wrapped_f
    return copy(f, *args, **kw)
  File "/home/epifood/airflow_venv/lib/python3.10/site-packages/tenacity/__init__.py", line 477, in __call__
    do = self.iter(retry_state=retry_state)
  File "/home/epifood/airflow_venv/lib/python3.10/site-packages/tenacity/__init__.py", line 378, in iter
    result = action(retry_state)
  File "/home/epifood/airflow_venv/lib/python3.10/site-packages/tenacity/__init__.py", line 420, in exc_check
    raise retry_exc.reraise()
  File "/home/epifood/airflow_venv/lib/python3.10/site-packages/tenacity/__init__.py", line 187, in reraise
    raise self.last_attempt.result()
  File "/usr/lib/python3.10/concurrent/futures/_base.py", line 451, in result
    return self.__get_result()
  File "/usr/lib/python3.10/concurrent/futures/_base.py", line 403, in __get_result
    raise self._exception
  File "/home/epifood/airflow_venv/lib/python3.10/site-packages/tenacity/__init__.py", line 480, in __call__
    result = fn(*args, **kwargs)
  File "/home/epifood/airflow_venv/lib/python3.10/site-packages/airflow/sdk/api/client.py", line 887, in request
    return super().request(*args, **kwargs)
  File "/home/epifood/airflow_venv/lib/python3.10/site-packages/httpx/_client.py", line 825, in request
    return self.send(request, auth=auth, follow_redirects=follow_redirects)
  File "/home/epifood/airflow_venv/lib/python3.10/site-packages/httpx/_client.py", line 914, in send
    response = self._send_handling_auth(
  File "/home/epifood/airflow_venv/lib/python3.10/site-packages/httpx/_client.py", line 942, in _send_handling_auth
    response = self._send_handling_redirects(
  File "/home/epifood/airflow_venv/lib/python3.10/site-packages/httpx/_client.py", line 979, in _send_handling_redirects
    response = self._send_single_request(request)
  File "/home/epifood/airflow_venv/lib/python3.10/site-packages/httpx/_client.py", line 1014, in _send_single_request
    response = transport.handle_request(request)
  File "/home/epifood/airflow_venv/lib/python3.10/site-packages/httpx/_transports/default.py", line 249, in handle_request
    with map_httpcore_exceptions():
  File "/usr/lib/python3.10/contextlib.py", line 153, in __exit__
    self.gen.throw(typ, value, traceback)
  File "/home/epifood/airflow_venv/lib/python3.10/site-packages/httpx/_transports/default.py", line 118, in map_httpcore_exceptions
    raise mapped_exc(message) from exc
httpx.ConnectError: [Errno 111] Connection refused
[2m2026-01-16T00:50:02.939773Z[0m [[32m[1minfo     [0m] [1mMarking task as FAILED. dag_id=talend_multi_vm_pipeline, task_id=web_to_bronze, run_id=manual__2026-01-16T00:34:33+00:00, logical_date=20260116T003433, start_date=20260116T003938, end_date=20260116T005002[0m [[0m[1m[34mairflow.models.taskinstance[0m][0m [36mloc[0m=[35mtaskinstance.py:1605[0m
[2m2026-01-16T00:50:05.208764Z[0m [[31m[1merror    [0m] [1muhoh                          [0m [[0m[1m[34mairflow.executors.local_executor.LocalExecutor[0m][0m [36mloc[0m=[35mlocal_executor.py:100[0m
Traceback (most recent call last):
  File "/home/epifood/airflow_venv/lib/python3.10/site-packages/httpx/_transports/default.py", line 101, in map_httpcore_exceptions
    yield
  File "/home/epifood/airflow_venv/lib/python3.10/site-packages/httpx/_transports/default.py", line 250, in handle_request
    resp = self._pool.handle_request(req)
  File "/home/epifood/airflow_venv/lib/python3.10/site-packages/httpcore/_sync/connection_pool.py", line 256, in handle_request
    raise exc from None
  File "/home/epifood/airflow_venv/lib/python3.10/site-packages/httpcore/_sync/connection_pool.py", line 236, in handle_request
    response = connection.handle_request(
  File "/home/epifood/airflow_venv/lib/python3.10/site-packages/httpcore/_sync/connection.py", line 101, in handle_request
    raise exc
  File "/home/epifood/airflow_venv/lib/python3.10/site-packages/httpcore/_sync/connection.py", line 78, in handle_request
    stream = self._connect(request)
  File "/home/epifood/airflow_venv/lib/python3.10/site-packages/httpcore/_sync/connection.py", line 124, in _connect
    stream = self._network_backend.connect_tcp(**kwargs)
  File "/home/epifood/airflow_venv/lib/python3.10/site-packages/httpcore/_backends/sync.py", line 207, in connect_tcp
    with map_exceptions(exc_map):
  File "/usr/lib/python3.10/contextlib.py", line 153, in __exit__
    self.gen.throw(typ, value, traceback)
  File "/home/epifood/airflow_venv/lib/python3.10/site-packages/httpcore/_exceptions.py", line 14, in map_exceptions
    raise to_exc(exc) from exc
httpcore.ConnectError: [Errno 111] Connection refused

The above exception was the direct cause of the following exception:

Traceback (most recent call last):
  File "/home/epifood/airflow_venv/lib/python3.10/site-packages/airflow/executors/local_executor.py", line 96, in _run_worker
    _execute_work(log, workload)
  File "/home/epifood/airflow_venv/lib/python3.10/site-packages/airflow/executors/local_executor.py", line 124, in _execute_work
    supervise(
  File "/home/epifood/airflow_venv/lib/python3.10/site-packages/airflow/sdk/execution_time/supervisor.py", line 1984, in supervise
    process = ActivitySubprocess.start(
  File "/home/epifood/airflow_venv/lib/python3.10/site-packages/airflow/sdk/execution_time/supervisor.py", line 955, in start
    proc._on_child_started(ti=what, dag_rel_path=dag_rel_path, bundle_info=bundle_info)
  File "/home/epifood/airflow_venv/lib/python3.10/site-packages/airflow/sdk/execution_time/supervisor.py", line 966, in _on_child_started
    ti_context = self.client.task_instances.start(ti.id, self.pid, start_date)
  File "/home/epifood/airflow_venv/lib/python3.10/site-packages/airflow/sdk/api/client.py", line 215, in start
    resp = self.client.patch(f"task-instances/{id}/run", content=body.model_dump_json())
  File "/home/epifood/airflow_venv/lib/python3.10/site-packages/httpx/_client.py", line 1218, in patch
    return self.request(
  File "/home/epifood/airflow_venv/lib/python3.10/site-packages/tenacity/__init__.py", line 338, in wrapped_f
    return copy(f, *args, **kw)
  File "/home/epifood/airflow_venv/lib/python3.10/site-packages/tenacity/__init__.py", line 477, in __call__
    do = self.iter(retry_state=retry_state)
  File "/home/epifood/airflow_venv/lib/python3.10/site-packages/tenacity/__init__.py", line 378, in iter
    result = action(retry_state)
  File "/home/epifood/airflow_venv/lib/python3.10/site-packages/tenacity/__init__.py", line 420, in exc_check
    raise retry_exc.reraise()
  File "/home/epifood/airflow_venv/lib/python3.10/site-packages/tenacity/__init__.py", line 187, in reraise
    raise self.last_attempt.result()
  File "/usr/lib/python3.10/concurrent/futures/_base.py", line 451, in result
    return self.__get_result()
  File "/usr/lib/python3.10/concurrent/futures/_base.py", line 403, in __get_result
    raise self._exception
  File "/home/epifood/airflow_venv/lib/python3.10/site-packages/tenacity/__init__.py", line 480, in __call__
    result = fn(*args, **kwargs)
  File "/home/epifood/airflow_venv/lib/python3.10/site-packages/airflow/sdk/api/client.py", line 887, in request
    return super().request(*args, **kwargs)
  File "/home/epifood/airflow_venv/lib/python3.10/site-packages/httpx/_client.py", line 825, in request
    return self.send(request, auth=auth, follow_redirects=follow_redirects)
  File "/home/epifood/airflow_venv/lib/python3.10/site-packages/httpx/_client.py", line 914, in send
    response = self._send_handling_auth(
  File "/home/epifood/airflow_venv/lib/python3.10/site-packages/httpx/_client.py", line 942, in _send_handling_auth
    response = self._send_handling_redirects(
  File "/home/epifood/airflow_venv/lib/python3.10/site-packages/httpx/_client.py", line 979, in _send_handling_redirects
    response = self._send_single_request(request)
  File "/home/epifood/airflow_venv/lib/python3.10/site-packages/httpx/_client.py", line 1014, in _send_single_request
    response = transport.handle_request(request)
  File "/home/epifood/airflow_venv/lib/python3.10/site-packages/httpx/_transports/default.py", line 249, in handle_request
    with map_httpcore_exceptions():
  File "/usr/lib/python3.10/contextlib.py", line 153, in __exit__
    self.gen.throw(typ, value, traceback)
  File "/home/epifood/airflow_venv/lib/python3.10/site-packages/httpx/_transports/default.py", line 118, in map_httpcore_exceptions
    raise mapped_exc(message) from exc
httpx.ConnectError: [Errno 111] Connection refused
[2m2026-01-16T00:50:05.466477Z[0m [[32m[1minfo     [0m] [1mMarking task as FAILED. dag_id=talend_multi_vm_pipeline, task_id=web_to_bronze, run_id=manual__2026-01-16T00:39:14+00:00, logical_date=20260116T003914, start_date=20260116T003917, end_date=20260116T005005[0m [[0m[1m[34mairflow.models.taskinstance[0m][0m [36mloc[0m=[35mtaskinstance.py:1605[0m
[2m2026-01-16T00:59:35.011595Z[0m [[31m[1merror    [0m] [1muhoh                          [0m [[0m[1m[34mairflow.executors.local_executor.LocalExecutor[0m][0m [36mloc[0m=[35mlocal_executor.py:100[0m
Traceback (most recent call last):
  File "/home/epifood/airflow_venv/lib/python3.10/site-packages/airflow/executors/local_executor.py", line 96, in _run_worker
    _execute_work(log, workload)
  File "/home/epifood/airflow_venv/lib/python3.10/site-packages/airflow/executors/local_executor.py", line 124, in _execute_work
    supervise(
  File "/home/epifood/airflow_venv/lib/python3.10/site-packages/airflow/sdk/execution_time/supervisor.py", line 1984, in supervise
    process = ActivitySubprocess.start(
  File "/home/epifood/airflow_venv/lib/python3.10/site-packages/airflow/sdk/execution_time/supervisor.py", line 955, in start
    proc._on_child_started(ti=what, dag_rel_path=dag_rel_path, bundle_info=bundle_info)
  File "/home/epifood/airflow_venv/lib/python3.10/site-packages/airflow/sdk/execution_time/supervisor.py", line 966, in _on_child_started
    ti_context = self.client.task_instances.start(ti.id, self.pid, start_date)
  File "/home/epifood/airflow_venv/lib/python3.10/site-packages/airflow/sdk/api/client.py", line 215, in start
    resp = self.client.patch(f"task-instances/{id}/run", content=body.model_dump_json())
  File "/home/epifood/airflow_venv/lib/python3.10/site-packages/httpx/_client.py", line 1218, in patch
    return self.request(
  File "/home/epifood/airflow_venv/lib/python3.10/site-packages/tenacity/__init__.py", line 338, in wrapped_f
    return copy(f, *args, **kw)
  File "/home/epifood/airflow_venv/lib/python3.10/site-packages/tenacity/__init__.py", line 477, in __call__
    do = self.iter(retry_state=retry_state)
  File "/home/epifood/airflow_venv/lib/python3.10/site-packages/tenacity/__init__.py", line 378, in iter
    result = action(retry_state)
  File "/home/epifood/airflow_venv/lib/python3.10/site-packages/tenacity/__init__.py", line 400, in <lambda>
    self._add_action_func(lambda rs: rs.outcome.result())
  File "/usr/lib/python3.10/concurrent/futures/_base.py", line 451, in result
    return self.__get_result()
  File "/usr/lib/python3.10/concurrent/futures/_base.py", line 403, in __get_result
    raise self._exception
  File "/home/epifood/airflow_venv/lib/python3.10/site-packages/tenacity/__init__.py", line 480, in __call__
    result = fn(*args, **kwargs)
  File "/home/epifood/airflow_venv/lib/python3.10/site-packages/airflow/sdk/api/client.py", line 887, in request
    return super().request(*args, **kwargs)
  File "/home/epifood/airflow_venv/lib/python3.10/site-packages/httpx/_client.py", line 825, in request
    return self.send(request, auth=auth, follow_redirects=follow_redirects)
  File "/home/epifood/airflow_venv/lib/python3.10/site-packages/httpx/_client.py", line 914, in send
    response = self._send_handling_auth(
  File "/home/epifood/airflow_venv/lib/python3.10/site-packages/httpx/_client.py", line 942, in _send_handling_auth
    response = self._send_handling_redirects(
  File "/home/epifood/airflow_venv/lib/python3.10/site-packages/httpx/_client.py", line 999, in _send_handling_redirects
    raise exc
  File "/home/epifood/airflow_venv/lib/python3.10/site-packages/httpx/_client.py", line 982, in _send_handling_redirects
    hook(response)
  File "/home/epifood/airflow_venv/lib/python3.10/site-packages/airflow/sdk/api/client.py", line 180, in raise_on_4xx_5xx
    return get_json_error(response) or response.raise_for_status()
  File "/home/epifood/airflow_venv/lib/python3.10/site-packages/airflow/sdk/api/client.py", line 176, in get_json_error
    raise err
airflow.sdk.api.client.ServerResponseError: Server returned error
[2m2026-01-16T01:00:01.216385Z[0m [[32m[1minfo     [0m] [1mSetting next_dagrun for talend_multi_vm_pipeline to 2026-01-17 01:00:00+00:00, run_after=2026-01-17 01:00:00+00:00[0m [[0m[1m[34mairflow.models.dag[0m][0m [36mloc[0m=[35mdag.py:693[0m
[2m2026-01-16T01:19:48.741712Z[0m [[32m[1minfo     [0m] [1mchecking for stale bundle versions locally[0m [[0m[1m[34mairflow.dag_processing.bundles.base[0m][0m [36mloc[0m=[35mbase.py:223[0m
[2m2026-01-16T01:49:48.797118Z[0m [[32m[1minfo     [0m] [1mchecking for stale bundle versions locally[0m [[0m[1m[34mairflow.dag_processing.bundles.base[0m][0m [36mloc[0m=[35mbase.py:223[0m
[2m2026-01-16T02:19:48.841028Z[0m [[32m[1minfo     [0m] [1mchecking for stale bundle versions locally[0m [[0m[1m[34mairflow.dag_processing.bundles.base[0m][0m [36mloc[0m=[35mbase.py:223[0m
[2m2026-01-16T02:49:48.882203Z[0m [[32m[1minfo     [0m] [1mchecking for stale bundle versions locally[0m [[0m[1m[34mairflow.dag_processing.bundles.base[0m][0m [36mloc[0m=[35mbase.py:223[0m
[2m2026-01-16T03:19:48.921964Z[0m [[32m[1minfo     [0m] [1mchecking for stale bundle versions locally[0m [[0m[1m[34mairflow.dag_processing.bundles.base[0m][0m [36mloc[0m=[35mbase.py:223[0m
[2m2026-01-16T03:49:48.960258Z[0m [[32m[1minfo     [0m] [1mchecking for stale bundle versions locally[0m [[0m[1m[34mairflow.dag_processing.bundles.base[0m][0m [36mloc[0m=[35mbase.py:223[0m
[2m2026-01-16T04:19:48.994645Z[0m [[32m[1minfo     [0m] [1mchecking for stale bundle versions locally[0m [[0m[1m[34mairflow.dag_processing.bundles.base[0m][0m [36mloc[0m=[35mbase.py:223[0m
[2m2026-01-16T04:49:49.036176Z[0m [[32m[1minfo     [0m] [1mchecking for stale bundle versions locally[0m [[0m[1m[34mairflow.dag_processing.bundles.base[0m][0m [36mloc[0m=[35mbase.py:223[0m
[2m2026-01-16T05:19:49.072825Z[0m [[32m[1minfo     [0m] [1mchecking for stale bundle versions locally[0m [[0m[1m[34mairflow.dag_processing.bundles.base[0m][0m [36mloc[0m=[35mbase.py:223[0m
[2m2026-01-16T05:49:49.112627Z[0m [[32m[1minfo     [0m] [1mchecking for stale bundle versions locally[0m [[0m[1m[34mairflow.dag_processing.bundles.base[0m][0m [36mloc[0m=[35mbase.py:223[0m
[2m2026-01-16T06:19:49.156560Z[0m [[32m[1minfo     [0m] [1mchecking for stale bundle versions locally[0m [[0m[1m[34mairflow.dag_processing.bundles.base[0m][0m [36mloc[0m=[35mbase.py:223[0m
[2m2026-01-16T06:49:49.189766Z[0m [[32m[1minfo     [0m] [1mchecking for stale bundle versions locally[0m [[0m[1m[34mairflow.dag_processing.bundles.base[0m][0m [36mloc[0m=[35mbase.py:223[0m
[2m2026-01-16T07:19:49.237252Z[0m [[32m[1minfo     [0m] [1mchecking for stale bundle versions locally[0m [[0m[1m[34mairflow.dag_processing.bundles.base[0m][0m [36mloc[0m=[35mbase.py:223[0m
[2m2026-01-16T07:49:49.270421Z[0m [[32m[1minfo     [0m] [1mchecking for stale bundle versions locally[0m [[0m[1m[34mairflow.dag_processing.bundles.base[0m][0m [36mloc[0m=[35mbase.py:223[0m
[2m2026-01-16T08:19:49.310758Z[0m [[32m[1minfo     [0m] [1mchecking for stale bundle versions locally[0m [[0m[1m[34mairflow.dag_processing.bundles.base[0m][0m [36mloc[0m=[35mbase.py:223[0m
[2m2026-01-16T08:49:49.383047Z[0m [[32m[1minfo     [0m] [1mchecking for stale bundle versions locally[0m [[0m[1m[34mairflow.dag_processing.bundles.base[0m][0m [36mloc[0m=[35mbase.py:223[0m
[2m2026-01-16T09:19:49.436503Z[0m [[32m[1minfo     [0m] [1mchecking for stale bundle versions locally[0m [[0m[1m[34mairflow.dag_processing.bundles.base[0m][0m [36mloc[0m=[35mbase.py:223[0m
[2m2026-01-16T09:49:49.481719Z[0m [[32m[1minfo     [0m] [1mchecking for stale bundle versions locally[0m [[0m[1m[34mairflow.dag_processing.bundles.base[0m][0m [36mloc[0m=[35mbase.py:223[0m
[2m2026-01-16T10:19:49.518090Z[0m [[32m[1minfo     [0m] [1mchecking for stale bundle versions locally[0m [[0m[1m[34mairflow.dag_processing.bundles.base[0m][0m [36mloc[0m=[35mbase.py:223[0m
[2m2026-01-16T10:49:49.557073Z[0m [[32m[1minfo     [0m] [1mchecking for stale bundle versions locally[0m [[0m[1m[34mairflow.dag_processing.bundles.base[0m][0m [36mloc[0m=[35mbase.py:223[0m
